<?xml version="1.0" encoding="UTF-8"?>
<!-- Generated by org.testng.reporters.JUnitReportReporter -->
<testsuite skipped="1" hostname="DESKTOP-OD6TJ4Q" name="com.CallHippo.Dialer.Calling.NormalCallingIndexPage" tests="2" failures="0" timestamp="18 Aug 2020 14:02:47 GMT" time="220.716" errors="0">
  <testcase name="Outgoing_Completed_Incoming_Completed" time="220.716" classname="com.CallHippo.Dialer.Calling.NormalCallingIndexPage"/>
  <testcase name="Outgoing_Completed_Incoming_CallNotSetup_by_loggedoutUser" classname="com.CallHippo.Dialer.Calling.NormalCallingIndexPage">
    <skipped/>
  </testcase> <!-- Outgoing_Completed_Incoming_CallNotSetup_by_loggedoutUser -->
</testsuite> <!-- com.CallHippo.Dialer.Calling.NormalCallingIndexPage -->
