<?xml version="1.0" encoding="UTF-8"?>
<!-- Generated by org.testng.reporters.JUnitReportReporter -->
<testsuite hostname="DESKTOP-HVPSK6B" failures="0" tests="1" name="com.flipkart.FlipkartProductCompareTest" time="73.997" errors="0" timestamp="2021-04-17T21:51:44 IST" skipped="0">
  <testcase classname="com.flipkart.FlipkartProductCompareTest" name="verify_flipkart_product_compare" time="73.997"/>
  <system-out/>
</testsuite> <!-- com.flipkart.FlipkartProductCompareTest -->
