<?xml version="1.0" encoding="UTF-8"?>
<!-- Generated by org.testng.reporters.JUnitReportReporter -->
<testsuite hostname="DESKTOP-HVPSK6B" failures="0" tests="1" name="com.flipkart.test.FlipkartProductCompareTest" time="74.815" errors="0" timestamp="2021-04-17T22:26:27 IST" skipped="0">
  <testcase classname="com.flipkart.test.FlipkartProductCompareTest" name="verify_flipkart_product_compare" time="74.815"/>
  <system-out/>
</testsuite> <!-- com.flipkart.test.FlipkartProductCompareTest -->
